<?xml version="1.0" encoding="UTF-8"?>
<!-- Generated by org.testng.reporters.JUnitReportReporter -->
<testsuite hostname="MANI" failures="0" tests="1" name="loginTestCase.CorrectUsername" time="14.354" errors="0" timestamp="2024-11-09T12:19:33 IST" skipped="0">
  <testcase classname="loginTestCase.CorrectUsername" name="LoginWithCrctUsername" time="14.354"/>
  <system-out/>
</testsuite> <!-- loginTestCase.CorrectUsername -->
