<?xml version="1.0" encoding="UTF-8"?>
<!-- Generated by org.testng.reporters.JUnitReportReporter -->
<testsuite hostname="MANI" failures="0" tests="1" name="loginTestCase.CorrectPassword" time="12.480" errors="0" timestamp="2024-11-09T12:19:33 IST" skipped="0">
  <testcase classname="loginTestCase.CorrectPassword" name="LoginWithCrctPassword" time="12.480"/>
  <system-out/>
</testsuite> <!-- loginTestCase.CorrectPassword -->
