<?xml version="1.0" encoding="UTF-8"?>
<!-- Generated by org.testng.reporters.JUnitReportReporter -->
<testsuite hostname="MANI" failures="0" tests="4" name="loginTestCase.Login" time="61.154" errors="0" timestamp="2024-11-09T14:06:15 IST" skipped="0">
  <testcase classname="loginTestCase.Login" name="LoginWithCorrectValues" time="13.961"/>
  <system-out/>
  <testcase classname="loginTestCase.Login" name="LoginWithCorrectValues" time="16.266"/>
  <system-out/>
  <testcase classname="loginTestCase.Login" name="LoginWithCorrectValues" time="15.732"/>
  <system-out/>
  <testcase classname="loginTestCase.Login" name="LoginWithCorrectValues" time="15.195"/>
  <system-out/>
</testsuite> <!-- loginTestCase.Login -->
