<?xml version="1.0" encoding="UTF-8"?>
<!-- Generated by org.testng.reporters.JUnitReportReporter -->
<testsuite hostname="MANI" failures="0" tests="1" name="loginTestCase.BothCorrect" time="15.847" errors="0" timestamp="2024-11-09T12:19:33 IST" skipped="0">
  <testcase classname="loginTestCase.BothCorrect" name="LoginWithCorrectValues" time="15.847"/>
  <system-out/>
</testsuite> <!-- loginTestCase.BothCorrect -->
